<?xml version="1.0" encoding="UTF-8"?>
<testng-results ignored="0" total="1" passed="1" failed="0" skipped="0">
  <reporter-output>
  </reporter-output>
  <suite started-at="2023-05-11T11:05:46 IST" name="Default suite" finished-at="2023-05-11T11:05:57 IST" duration-ms="11121">
    <groups>
    </groups>
    <test started-at="2023-05-11T11:05:46 IST" name="Default test" finished-at="2023-05-11T11:05:57 IST" duration-ms="11121">
      <class name="FrameWork.AuthenticationPopup">
        <test-method signature="m1()[pri:0, instance:FrameWork.AuthenticationPopup@6253c26]" started-at="2023-05-11T11:05:46 IST" name="m1" finished-at="2023-05-11T11:05:57 IST" duration-ms="11047" status="PASS">
          <reporter-output>
          </reporter-output>
        </test-method> <!-- m1 -->
      </class> <!-- FrameWork.AuthenticationPopup -->
    </test> <!-- Default test -->
  </suite> <!-- Default suite -->
</testng-results>
